Determining if the pthread_create exist failed with the following output:
Change Dir: /home/ros/workspace_so/build/CMakeFiles/CMakeTmp

Run Build Command:"/usr/bin/make" "cmTC_e8e7d/fast"
/usr/bin/make -f CMakeFiles/cmTC_e8e7d.dir/build.make CMakeFiles/cmTC_e8e7d.dir/build
make[1]: Entering directory '/home/ros/workspace_so/build/CMakeFiles/CMakeTmp'
Building C object CMakeFiles/cmTC_e8e7d.dir/CheckSymbolExists.c.o
/usr/bin/cc     -o CMakeFiles/cmTC_e8e7d.dir/CheckSymbolExists.c.o   -c /home/ros/workspace_so/build/CMakeFiles/CMakeTmp/CheckSymbolExists.c
Linking C executable cmTC_e8e7d
/usr/bin/cmake -E cmake_link_script CMakeFiles/cmTC_e8e7d.dir/link.txt --verbose=1
/usr/bin/cc       CMakeFiles/cmTC_e8e7d.dir/CheckSymbolExists.c.o  -o cmTC_e8e7d -rdynamic 
CMakeFiles/cmTC_e8e7d.dir/CheckSymbolExists.c.o: na função `main':
CheckSymbolExists.c:(.text+0x16): referência indefinida para `pthread_create'
collect2: error: ld returned 1 exit status
CMakeFiles/cmTC_e8e7d.dir/build.make:97: recipe for target 'cmTC_e8e7d' failed
make[1]: *** [cmTC_e8e7d] Error 1
make[1]: Leaving directory '/home/ros/workspace_so/build/CMakeFiles/CMakeTmp'
Makefile:126: recipe for target 'cmTC_e8e7d/fast' failed
make: *** [cmTC_e8e7d/fast] Error 2

File /home/ros/workspace_so/build/CMakeFiles/CMakeTmp/CheckSymbolExists.c:
/* */
#include <pthread.h>

int main(int argc, char** argv)
{
  (void)argv;
#ifndef pthread_create
  return ((int*)(&pthread_create))[argc];
#else
  (void)argc;
  return 0;
#endif
}

Determining if the function pthread_create exists in the pthreads failed with the following output:
Change Dir: /home/ros/workspace_so/build/CMakeFiles/CMakeTmp

Run Build Command:"/usr/bin/make" "cmTC_fd9dc/fast"
/usr/bin/make -f CMakeFiles/cmTC_fd9dc.dir/build.make CMakeFiles/cmTC_fd9dc.dir/build
make[1]: Entering directory '/home/ros/workspace_so/build/CMakeFiles/CMakeTmp'
Building C object CMakeFiles/cmTC_fd9dc.dir/CheckFunctionExists.c.o
/usr/bin/cc    -DCHECK_FUNCTION_EXISTS=pthread_create   -o CMakeFiles/cmTC_fd9dc.dir/CheckFunctionExists.c.o   -c /usr/share/cmake-3.5/Modules/CheckFunctionExists.c
Linking C executable cmTC_fd9dc
/usr/bin/cmake -E cmake_link_script CMakeFiles/cmTC_fd9dc.dir/link.txt --verbose=1
/usr/bin/cc   -DCHECK_FUNCTION_EXISTS=pthread_create    CMakeFiles/cmTC_fd9dc.dir/CheckFunctionExists.c.o  -o cmTC_fd9dc -rdynamic -lpthreads 
/usr/bin/ld: não foi possível encontrar -lpthreads
collect2: error: ld returned 1 exit status
CMakeFiles/cmTC_fd9dc.dir/build.make:97: recipe for target 'cmTC_fd9dc' failed
make[1]: *** [cmTC_fd9dc] Error 1
make[1]: Leaving directory '/home/ros/workspace_so/build/CMakeFiles/CMakeTmp'
Makefile:126: recipe for target 'cmTC_fd9dc/fast' failed
make: *** [cmTC_fd9dc/fast] Error 2


